<?xml version="1.0" encoding="UTF-8"?>
<!-- Generated by org.testng.reporters.JUnitReportReporter -->
<testsuite skipped="0" hostname="SWGOTTIM-IN" name="qaclickacademy.ResAssuredTest" tests="1" failures="0" timestamp="2021-07-17T14:52:47 IST" time="0.006" errors="0">
  <testcase name="RestAssuredCode" time="0.006" classname="qaclickacademy.ResAssuredTest"/>
  <system-out/>
</testsuite> <!-- qaclickacademy.ResAssuredTest -->
